2023-10-17 11:54:35,571 - sqlalchemy.engine.Engine - INFO - BEGIN (implicit)
2023-10-17 11:54:35,571 - sqlalchemy.engine.Engine - INFO - SELECT name FROM sqlite_master WHERE type='table' AND name NOT LIKE 'sqlite~_%' ESCAPE '~' ORDER BY name
2023-10-17 11:54:35,571 - sqlalchemy.engine.Engine - INFO - [raw sql] ()
2023-10-17 11:54:35,571 - sqlalchemy.engine.Engine - INFO - ROLLBACK
2023-10-17 11:54:35,586 - sqlalchemy.engine.Engine - INFO - BEGIN (implicit)
2023-10-17 11:54:35,586 - sqlalchemy.engine.Engine - INFO - SELECT count(*) AS count_1 
FROM (SELECT users.id AS users_id, users.username AS users_username, users.email AS users_email, users.password AS users_password, users.access AS users_access 
FROM users) AS anon_1
2023-10-17 11:54:35,586 - sqlalchemy.engine.Engine - INFO - [generated in 0.00111s] ()
2023-10-17 11:54:35,602 - sqlalchemy.engine.Engine - INFO - SELECT count(*) AS count_1 
FROM (SELECT entity.id AS entity_id 
FROM entity) AS anon_1
2023-10-17 11:54:35,602 - sqlalchemy.engine.Engine - INFO - [generated in 0.00057s] ()
2023-10-17 11:54:35,602 - sqlalchemy.engine.Engine - INFO - SELECT count(*) AS count_1 
FROM (SELECT users.id AS users_id, users.username AS users_username, users.email AS users_email, users.password AS users_password, users.access AS users_access 
FROM users) AS anon_1
2023-10-17 11:54:35,602 - sqlalchemy.engine.Engine - INFO - [cached since 0.01027s ago] ()
2023-10-17 11:54:35,602 - sqlalchemy.engine.Engine - INFO - SELECT count(*) AS count_1 
FROM (SELECT entity.id AS entity_id 
FROM entity) AS anon_1
2023-10-17 11:54:35,602 - sqlalchemy.engine.Engine - INFO - [cached since 0.00531s ago] ()
2023-10-17 11:54:35,602 - sqlalchemy.engine.Engine - INFO - SELECT count(*) AS count_1 
FROM (SELECT users.id AS users_id, users.username AS users_username, users.email AS users_email, users.password AS users_password, users.access AS users_access 
FROM users) AS anon_1
2023-10-17 11:54:35,602 - sqlalchemy.engine.Engine - INFO - [cached since 0.01452s ago] ()
2023-10-17 11:54:35,602 - sqlalchemy.engine.Engine - INFO - SELECT count(*) AS count_1 
FROM (SELECT entity.id AS entity_id 
FROM entity) AS anon_1
2023-10-17 11:54:35,602 - sqlalchemy.engine.Engine - INFO - [cached since 0.009453s ago] ()
2023-10-17 11:54:35,617 - sqlalchemy.engine.Engine - INFO - SELECT count(*) AS count_1 
FROM (SELECT users.id AS users_id, users.username AS users_username, users.email AS users_email, users.password AS users_password, users.access AS users_access 
FROM users) AS anon_1
2023-10-17 11:54:35,617 - sqlalchemy.engine.Engine - INFO - [cached since 0.02205s ago] ()
2023-10-17 11:54:35,617 - sqlalchemy.engine.Engine - INFO - SELECT count(*) AS count_1 
FROM (SELECT entity.id AS entity_id 
FROM entity) AS anon_1
2023-10-17 11:54:35,617 - sqlalchemy.engine.Engine - INFO - [cached since 0.01722s ago] ()
2023-10-17 11:54:35,617 - sqlalchemy.engine.Engine - INFO - SELECT count(*) AS count_1 
FROM (SELECT users.id AS users_id, users.username AS users_username, users.email AS users_email, users.password AS users_password, users.access AS users_access 
FROM users) AS anon_1
2023-10-17 11:54:35,617 - sqlalchemy.engine.Engine - INFO - [cached since 0.02646s ago] ()
2023-10-17 11:54:35,617 - sqlalchemy.engine.Engine - INFO - SELECT count(*) AS count_1 
FROM (SELECT entity.id AS entity_id 
FROM entity) AS anon_1
2023-10-17 11:54:35,617 - sqlalchemy.engine.Engine - INFO - [cached since 0.0214s ago] ()
2023-10-17 11:54:35,617 - sqlalchemy.engine.Engine - INFO - ROLLBACK
