2023-10-17 11:57:56,881 - sqlalchemy.engine.Engine - INFO - BEGIN (implicit)
2023-10-17 11:57:56,881 - sqlalchemy.engine.Engine - INFO - SELECT name FROM sqlite_master WHERE type='table' AND name NOT LIKE 'sqlite~_%' ESCAPE '~' ORDER BY name
2023-10-17 11:57:56,881 - sqlalchemy.engine.Engine - INFO - [raw sql] ()
2023-10-17 11:57:56,881 - sqlalchemy.engine.Engine - INFO - ROLLBACK
2023-10-17 11:57:56,897 - sqlalchemy.engine.Engine - INFO - BEGIN (implicit)
2023-10-17 11:57:56,897 - sqlalchemy.engine.Engine - INFO - SELECT count(*) AS count_1 
FROM (SELECT users.id AS users_id, users.username AS users_username, users.email AS users_email, users.password AS users_password, users.access AS users_access 
FROM users) AS anon_1
2023-10-17 11:57:56,897 - sqlalchemy.engine.Engine - INFO - [generated in 0.00081s] ()
2023-10-17 11:57:56,897 - sqlalchemy.engine.Engine - INFO - SELECT count(*) AS count_1 
FROM (SELECT entity.id AS entity_id 
FROM entity) AS anon_1
2023-10-17 11:57:56,897 - sqlalchemy.engine.Engine - INFO - [generated in 0.00026s] ()
2023-10-17 11:57:56,897 - sqlalchemy.engine.Engine - INFO - SELECT count(*) AS count_1 
FROM (SELECT users.id AS users_id, users.username AS users_username, users.email AS users_email, users.password AS users_password, users.access AS users_access 
FROM users) AS anon_1
2023-10-17 11:57:56,897 - sqlalchemy.engine.Engine - INFO - [cached since 0.005363s ago] ()
2023-10-17 11:57:56,912 - sqlalchemy.engine.Engine - INFO - SELECT count(*) AS count_1 
FROM (SELECT entity.id AS entity_id 
FROM entity) AS anon_1
2023-10-17 11:57:56,912 - sqlalchemy.engine.Engine - INFO - [cached since 0.002839s ago] ()
2023-10-17 11:57:56,912 - sqlalchemy.engine.Engine - INFO - SELECT count(*) AS count_1 
FROM (SELECT users.id AS users_id, users.username AS users_username, users.email AS users_email, users.password AS users_password, users.access AS users_access 
FROM users) AS anon_1
2023-10-17 11:57:56,912 - sqlalchemy.engine.Engine - INFO - [cached since 0.007821s ago] ()
2023-10-17 11:57:56,912 - sqlalchemy.engine.Engine - INFO - SELECT count(*) AS count_1 
FROM (SELECT entity.id AS entity_id 
FROM entity) AS anon_1
2023-10-17 11:57:56,912 - sqlalchemy.engine.Engine - INFO - [cached since 0.005666s ago] ()
2023-10-17 11:57:56,912 - sqlalchemy.engine.Engine - INFO - SELECT count(*) AS count_1 
FROM (SELECT users.id AS users_id, users.username AS users_username, users.email AS users_email, users.password AS users_password, users.access AS users_access 
FROM users) AS anon_1
2023-10-17 11:57:56,912 - sqlalchemy.engine.Engine - INFO - [cached since 0.01057s ago] ()
2023-10-17 11:57:56,912 - sqlalchemy.engine.Engine - INFO - SELECT count(*) AS count_1 
FROM (SELECT entity.id AS entity_id 
FROM entity) AS anon_1
2023-10-17 11:57:56,912 - sqlalchemy.engine.Engine - INFO - [cached since 0.007773s ago] ()
2023-10-17 11:57:56,912 - sqlalchemy.engine.Engine - INFO - SELECT count(*) AS count_1 
FROM (SELECT users.id AS users_id, users.username AS users_username, users.email AS users_email, users.password AS users_password, users.access AS users_access 
FROM users) AS anon_1
2023-10-17 11:57:56,912 - sqlalchemy.engine.Engine - INFO - [cached since 0.01252s ago] ()
2023-10-17 11:57:56,912 - sqlalchemy.engine.Engine - INFO - SELECT count(*) AS count_1 
FROM (SELECT entity.id AS entity_id 
FROM entity) AS anon_1
2023-10-17 11:57:56,912 - sqlalchemy.engine.Engine - INFO - [cached since 0.009717s ago] ()
2023-10-17 11:57:56,912 - sqlalchemy.engine.Engine - INFO - ROLLBACK
2023-10-17 11:57:58,080 - sqlalchemy.engine.Engine - INFO - BEGIN (implicit)
2023-10-17 11:57:58,080 - sqlalchemy.engine.Engine - INFO - SELECT name FROM sqlite_master WHERE type='table' AND name NOT LIKE 'sqlite~_%' ESCAPE '~' ORDER BY name
2023-10-17 11:57:58,080 - sqlalchemy.engine.Engine - INFO - [raw sql] ()
2023-10-17 11:57:58,096 - sqlalchemy.engine.Engine - INFO - ROLLBACK
2023-10-17 11:57:58,096 - sqlalchemy.engine.Engine - INFO - BEGIN (implicit)
2023-10-17 11:57:58,112 - sqlalchemy.engine.Engine - INFO - SELECT count(*) AS count_1 
FROM (SELECT users.id AS users_id, users.username AS users_username, users.email AS users_email, users.password AS users_password, users.access AS users_access 
FROM users) AS anon_1
2023-10-17 11:57:58,112 - sqlalchemy.engine.Engine - INFO - [generated in 0.00050s] ()
2023-10-17 11:57:58,112 - sqlalchemy.engine.Engine - INFO - SELECT count(*) AS count_1 
FROM (SELECT entity.id AS entity_id 
FROM entity) AS anon_1
2023-10-17 11:57:58,112 - sqlalchemy.engine.Engine - INFO - [generated in 0.00027s] ()
2023-10-17 11:57:58,112 - sqlalchemy.engine.Engine - INFO - SELECT count(*) AS count_1 
FROM (SELECT users.id AS users_id, users.username AS users_username, users.email AS users_email, users.password AS users_password, users.access AS users_access 
FROM users) AS anon_1
2023-10-17 11:57:58,112 - sqlalchemy.engine.Engine - INFO - [cached since 0.005219s ago] ()
2023-10-17 11:57:58,112 - sqlalchemy.engine.Engine - INFO - SELECT count(*) AS count_1 
FROM (SELECT entity.id AS entity_id 
FROM entity) AS anon_1
2023-10-17 11:57:58,112 - sqlalchemy.engine.Engine - INFO - [cached since 0.002787s ago] ()
2023-10-17 11:57:58,112 - sqlalchemy.engine.Engine - INFO - SELECT count(*) AS count_1 
FROM (SELECT users.id AS users_id, users.username AS users_username, users.email AS users_email, users.password AS users_password, users.access AS users_access 
FROM users) AS anon_1
2023-10-17 11:57:58,112 - sqlalchemy.engine.Engine - INFO - [cached since 0.007752s ago] ()
2023-10-17 11:57:58,112 - sqlalchemy.engine.Engine - INFO - SELECT count(*) AS count_1 
FROM (SELECT entity.id AS entity_id 
FROM entity) AS anon_1
2023-10-17 11:57:58,112 - sqlalchemy.engine.Engine - INFO - [cached since 0.005715s ago] ()
2023-10-17 11:57:58,112 - sqlalchemy.engine.Engine - INFO - SELECT count(*) AS count_1 
FROM (SELECT users.id AS users_id, users.username AS users_username, users.email AS users_email, users.password AS users_password, users.access AS users_access 
FROM users) AS anon_1
2023-10-17 11:57:58,112 - sqlalchemy.engine.Engine - INFO - [cached since 0.01039s ago] ()
2023-10-17 11:57:58,112 - sqlalchemy.engine.Engine - INFO - SELECT count(*) AS count_1 
FROM (SELECT entity.id AS entity_id 
FROM entity) AS anon_1
2023-10-17 11:57:58,112 - sqlalchemy.engine.Engine - INFO - [cached since 0.007839s ago] ()
2023-10-17 11:57:58,112 - sqlalchemy.engine.Engine - INFO - SELECT count(*) AS count_1 
FROM (SELECT users.id AS users_id, users.username AS users_username, users.email AS users_email, users.password AS users_password, users.access AS users_access 
FROM users) AS anon_1
2023-10-17 11:57:58,112 - sqlalchemy.engine.Engine - INFO - [cached since 0.01237s ago] ()
2023-10-17 11:57:58,112 - sqlalchemy.engine.Engine - INFO - SELECT count(*) AS count_1 
FROM (SELECT entity.id AS entity_id 
FROM entity) AS anon_1
2023-10-17 11:57:58,112 - sqlalchemy.engine.Engine - INFO - [cached since 0.009811s ago] ()
2023-10-17 11:57:58,127 - sqlalchemy.engine.Engine - INFO - ROLLBACK
2023-10-17 12:00:52,250 - sqlalchemy.engine.Engine - INFO - BEGIN (implicit)
2023-10-17 12:00:52,250 - sqlalchemy.engine.Engine - INFO - SELECT name FROM sqlite_master WHERE type='table' AND name NOT LIKE 'sqlite~_%' ESCAPE '~' ORDER BY name
2023-10-17 12:00:52,250 - sqlalchemy.engine.Engine - INFO - [raw sql] ()
2023-10-17 12:00:52,250 - sqlalchemy.engine.Engine - INFO - ROLLBACK
2023-10-17 12:00:52,265 - sqlalchemy.engine.Engine - INFO - BEGIN (implicit)
2023-10-17 12:00:52,265 - sqlalchemy.engine.Engine - INFO - SELECT count(*) AS count_1 
FROM (SELECT users.id AS users_id, users.username AS users_username, users.email AS users_email, users.password AS users_password, users.access AS users_access 
FROM users) AS anon_1
2023-10-17 12:00:52,265 - sqlalchemy.engine.Engine - INFO - [generated in 0.00039s] ()
2023-10-17 12:00:52,265 - sqlalchemy.engine.Engine - INFO - SELECT count(*) AS count_1 
FROM (SELECT entity.id AS entity_id 
FROM entity) AS anon_1
2023-10-17 12:00:52,265 - sqlalchemy.engine.Engine - INFO - [generated in 0.00026s] ()
2023-10-17 12:00:52,281 - sqlalchemy.engine.Engine - INFO - SELECT count(*) AS count_1 
FROM (SELECT users.id AS users_id, users.username AS users_username, users.email AS users_email, users.password AS users_password, users.access AS users_access 
FROM users) AS anon_1
2023-10-17 12:00:52,281 - sqlalchemy.engine.Engine - INFO - [cached since 0.005371s ago] ()
2023-10-17 12:00:52,281 - sqlalchemy.engine.Engine - INFO - SELECT count(*) AS count_1 
FROM (SELECT entity.id AS entity_id 
FROM entity) AS anon_1
2023-10-17 12:00:52,281 - sqlalchemy.engine.Engine - INFO - [cached since 0.003155s ago] ()
2023-10-17 12:00:52,281 - sqlalchemy.engine.Engine - INFO - SELECT count(*) AS count_1 
FROM (SELECT users.id AS users_id, users.username AS users_username, users.email AS users_email, users.password AS users_password, users.access AS users_access 
FROM users) AS anon_1
2023-10-17 12:00:52,281 - sqlalchemy.engine.Engine - INFO - [cached since 0.007571s ago] ()
2023-10-17 12:00:52,281 - sqlalchemy.engine.Engine - INFO - SELECT count(*) AS count_1 
FROM (SELECT entity.id AS entity_id 
FROM entity) AS anon_1
2023-10-17 12:00:52,281 - sqlalchemy.engine.Engine - INFO - [cached since 0.005183s ago] ()
2023-10-17 12:00:52,281 - sqlalchemy.engine.Engine - INFO - SELECT count(*) AS count_1 
FROM (SELECT users.id AS users_id, users.username AS users_username, users.email AS users_email, users.password AS users_password, users.access AS users_access 
FROM users) AS anon_1
2023-10-17 12:00:52,281 - sqlalchemy.engine.Engine - INFO - [cached since 0.00956s ago] ()
2023-10-17 12:00:52,281 - sqlalchemy.engine.Engine - INFO - SELECT count(*) AS count_1 
FROM (SELECT entity.id AS entity_id 
FROM entity) AS anon_1
2023-10-17 12:00:52,281 - sqlalchemy.engine.Engine - INFO - [cached since 0.007171s ago] ()
2023-10-17 12:00:52,281 - sqlalchemy.engine.Engine - INFO - SELECT count(*) AS count_1 
FROM (SELECT users.id AS users_id, users.username AS users_username, users.email AS users_email, users.password AS users_password, users.access AS users_access 
FROM users) AS anon_1
2023-10-17 12:00:52,281 - sqlalchemy.engine.Engine - INFO - [cached since 0.01153s ago] ()
2023-10-17 12:00:52,281 - sqlalchemy.engine.Engine - INFO - SELECT count(*) AS count_1 
FROM (SELECT entity.id AS entity_id 
FROM entity) AS anon_1
2023-10-17 12:00:52,281 - sqlalchemy.engine.Engine - INFO - [cached since 0.009152s ago] ()
2023-10-17 12:00:52,281 - sqlalchemy.engine.Engine - INFO - ROLLBACK
2023-10-17 12:01:48,292 - sqlalchemy.engine.Engine - INFO - BEGIN (implicit)
2023-10-17 12:01:48,292 - sqlalchemy.engine.Engine - INFO - SELECT name FROM sqlite_master WHERE type='table' AND name NOT LIKE 'sqlite~_%' ESCAPE '~' ORDER BY name
2023-10-17 12:01:48,292 - sqlalchemy.engine.Engine - INFO - [raw sql] ()
2023-10-17 12:01:48,294 - sqlalchemy.engine.Engine - INFO - ROLLBACK
2023-10-17 12:01:48,325 - sqlalchemy.engine.Engine - INFO - BEGIN (implicit)
2023-10-17 12:01:48,338 - sqlalchemy.engine.Engine - INFO - SELECT count(*) AS count_1 
FROM (SELECT users.id AS users_id, users.username AS users_username, users.email AS users_email, users.password AS users_password, users.access AS users_access 
FROM users) AS anon_1
2023-10-17 12:01:48,338 - sqlalchemy.engine.Engine - INFO - [generated in 0.00049s] ()
2023-10-17 12:01:48,342 - sqlalchemy.engine.Engine - INFO - SELECT count(*) AS count_1 
FROM (SELECT entity.id AS entity_id 
FROM entity) AS anon_1
2023-10-17 12:01:48,342 - sqlalchemy.engine.Engine - INFO - [generated in 0.00041s] ()
2023-10-17 12:01:48,344 - sqlalchemy.engine.Engine - INFO - SELECT count(*) AS count_1 
FROM (SELECT users.id AS users_id, users.username AS users_username, users.email AS users_email, users.password AS users_password, users.access AS users_access 
FROM users) AS anon_1
2023-10-17 12:01:48,345 - sqlalchemy.engine.Engine - INFO - [cached since 0.007253s ago] ()
2023-10-17 12:01:48,356 - sqlalchemy.engine.Engine - INFO - SELECT count(*) AS count_1 
FROM (SELECT entity.id AS entity_id 
FROM entity) AS anon_1
2023-10-17 12:01:48,356 - sqlalchemy.engine.Engine - INFO - [cached since 0.0267s ago] ()
2023-10-17 12:01:48,371 - sqlalchemy.engine.Engine - INFO - SELECT count(*) AS count_1 
FROM (SELECT users.id AS users_id, users.username AS users_username, users.email AS users_email, users.password AS users_password, users.access AS users_access 
FROM users) AS anon_1
2023-10-17 12:01:48,371 - sqlalchemy.engine.Engine - INFO - [cached since 0.0369s ago] ()
2023-10-17 12:01:48,371 - sqlalchemy.engine.Engine - INFO - SELECT count(*) AS count_1 
FROM (SELECT entity.id AS entity_id 
FROM entity) AS anon_1
2023-10-17 12:01:48,371 - sqlalchemy.engine.Engine - INFO - [cached since 0.03385s ago] ()
2023-10-17 12:01:48,371 - sqlalchemy.engine.Engine - INFO - SELECT count(*) AS count_1 
FROM (SELECT users.id AS users_id, users.username AS users_username, users.email AS users_email, users.password AS users_password, users.access AS users_access 
FROM users) AS anon_1
2023-10-17 12:01:48,371 - sqlalchemy.engine.Engine - INFO - [cached since 0.03937s ago] ()
2023-10-17 12:01:48,371 - sqlalchemy.engine.Engine - INFO - SELECT count(*) AS count_1 
FROM (SELECT entity.id AS entity_id 
FROM entity) AS anon_1
2023-10-17 12:01:48,371 - sqlalchemy.engine.Engine - INFO - [cached since 0.03661s ago] ()
2023-10-17 12:01:48,371 - sqlalchemy.engine.Engine - INFO - SELECT count(*) AS count_1 
FROM (SELECT users.id AS users_id, users.username AS users_username, users.email AS users_email, users.password AS users_password, users.access AS users_access 
FROM users) AS anon_1
2023-10-17 12:01:48,371 - sqlalchemy.engine.Engine - INFO - [cached since 0.04202s ago] ()
2023-10-17 12:01:48,371 - sqlalchemy.engine.Engine - INFO - SELECT count(*) AS count_1 
FROM (SELECT entity.id AS entity_id 
FROM entity) AS anon_1
2023-10-17 12:01:48,371 - sqlalchemy.engine.Engine - INFO - [cached since 0.03895s ago] ()
2023-10-17 12:01:48,371 - sqlalchemy.engine.Engine - INFO - ROLLBACK
2023-10-17 12:02:00,876 - sqlalchemy.engine.Engine - INFO - BEGIN (implicit)
2023-10-17 12:02:00,894 - sqlalchemy.engine.Engine - INFO - SELECT tenant.id AS tenant_id, tenant.unique_id AS tenant_unique_id, tenant.name AS tenant_name, tenant.lastname AS tenant_lastname, tenant.email AS tenant_email, tenant.due_date AS tenant_due_date, tenant.paid_date AS tenant_paid_date, tenant.rent_rate AS tenant_rent_rate, tenant.contact AS tenant_contact, tenant.gender AS tenant_gender, tenant.address AS tenant_address 
FROM tenant
2023-10-17 12:02:00,895 - sqlalchemy.engine.Engine - INFO - [generated in 0.00060s] ()
2023-10-17 12:02:00,899 - sqlalchemy.engine.Engine - INFO - ROLLBACK
2023-10-17 12:04:25,335 - sqlalchemy.engine.Engine - INFO - BEGIN (implicit)
2023-10-17 12:04:25,337 - sqlalchemy.engine.Engine - INFO - SELECT tenant.id AS tenant_id, tenant.unique_id AS tenant_unique_id, tenant.name AS tenant_name, tenant.lastname AS tenant_lastname, tenant.email AS tenant_email, tenant.due_date AS tenant_due_date, tenant.paid_date AS tenant_paid_date, tenant.rent_rate AS tenant_rent_rate, tenant.contact AS tenant_contact, tenant.gender AS tenant_gender, tenant.address AS tenant_address 
FROM tenant
2023-10-17 12:04:25,350 - sqlalchemy.engine.Engine - INFO - [cached since 144.5s ago] ()
2023-10-17 12:04:25,351 - sqlalchemy.engine.Engine - INFO - ROLLBACK
2023-10-17 12:04:45,080 - sqlalchemy.engine.Engine - INFO - BEGIN (implicit)
2023-10-17 12:04:45,084 - sqlalchemy.engine.Engine - INFO - SELECT tenant.id AS tenant_id, tenant.unique_id AS tenant_unique_id, tenant.name AS tenant_name, tenant.lastname AS tenant_lastname, tenant.email AS tenant_email, tenant.due_date AS tenant_due_date, tenant.paid_date AS tenant_paid_date, tenant.rent_rate AS tenant_rent_rate, tenant.contact AS tenant_contact, tenant.gender AS tenant_gender, tenant.address AS tenant_address 
FROM tenant 
WHERE tenant.id = ?
2023-10-17 12:04:45,084 - sqlalchemy.engine.Engine - INFO - [generated in 0.00056s] (1,)
2023-10-17 12:04:45,095 - sqlalchemy.engine.Engine - INFO - UPDATE tenant SET due_date=?, rent_rate=? WHERE tenant.id = ?
2023-10-17 12:04:45,096 - sqlalchemy.engine.Engine - INFO - [generated in 0.00059s] ('2023-10-16', 2500.0, 1)
2023-10-17 12:04:45,098 - sqlalchemy.engine.Engine - INFO - COMMIT
2023-10-17 12:04:45,104 - sqlalchemy.engine.Engine - INFO - BEGIN (implicit)
2023-10-17 12:04:45,104 - sqlalchemy.engine.Engine - INFO - SELECT tenant.id AS tenant_id, tenant.unique_id AS tenant_unique_id, tenant.name AS tenant_name, tenant.lastname AS tenant_lastname, tenant.email AS tenant_email, tenant.due_date AS tenant_due_date, tenant.paid_date AS tenant_paid_date, tenant.rent_rate AS tenant_rent_rate, tenant.contact AS tenant_contact, tenant.gender AS tenant_gender, tenant.address AS tenant_address 
FROM tenant 
WHERE tenant.id = ?
2023-10-17 12:04:45,104 - sqlalchemy.engine.Engine - INFO - [generated in 0.00055s] (1,)
2023-10-17 12:04:45,140 - sqlalchemy.engine.Engine - INFO - BEGIN (implicit)
2023-10-17 12:04:45,142 - sqlalchemy.engine.Engine - INFO - SELECT tenant.id AS tenant_id, tenant.unique_id AS tenant_unique_id, tenant.name AS tenant_name, tenant.lastname AS tenant_lastname, tenant.email AS tenant_email, tenant.due_date AS tenant_due_date, tenant.paid_date AS tenant_paid_date, tenant.rent_rate AS tenant_rent_rate, tenant.contact AS tenant_contact, tenant.gender AS tenant_gender, tenant.address AS tenant_address 
FROM tenant
2023-10-17 12:04:45,142 - sqlalchemy.engine.Engine - INFO - [cached since 164.2s ago] ()
2023-10-17 12:04:45,146 - sqlalchemy.engine.Engine - INFO - ROLLBACK
2023-10-17 12:05:06,199 - sqlalchemy.engine.Engine - INFO - BEGIN (implicit)
2023-10-17 12:05:06,199 - sqlalchemy.engine.Engine - INFO - SELECT tenant.id AS tenant_id, tenant.unique_id AS tenant_unique_id, tenant.name AS tenant_name, tenant.lastname AS tenant_lastname, tenant.email AS tenant_email, tenant.due_date AS tenant_due_date, tenant.paid_date AS tenant_paid_date, tenant.rent_rate AS tenant_rent_rate, tenant.contact AS tenant_contact, tenant.gender AS tenant_gender, tenant.address AS tenant_address 
FROM tenant 
WHERE tenant.id = ?
2023-10-17 12:05:06,199 - sqlalchemy.engine.Engine - INFO - [cached since 21.12s ago] (1,)
2023-10-17 12:05:06,199 - sqlalchemy.engine.Engine - INFO - UPDATE tenant SET due_date=?, rent_rate=? WHERE tenant.id = ?
2023-10-17 12:05:06,199 - sqlalchemy.engine.Engine - INFO - [cached since 21.12s ago] ('2023-10-16', 0.0, 1)
2023-10-17 12:05:06,215 - sqlalchemy.engine.Engine - INFO - COMMIT
2023-10-17 12:05:06,217 - sqlalchemy.engine.Engine - INFO - BEGIN (implicit)
2023-10-17 12:05:06,217 - sqlalchemy.engine.Engine - INFO - SELECT tenant.id AS tenant_id, tenant.unique_id AS tenant_unique_id, tenant.name AS tenant_name, tenant.lastname AS tenant_lastname, tenant.email AS tenant_email, tenant.due_date AS tenant_due_date, tenant.paid_date AS tenant_paid_date, tenant.rent_rate AS tenant_rent_rate, tenant.contact AS tenant_contact, tenant.gender AS tenant_gender, tenant.address AS tenant_address 
FROM tenant 
WHERE tenant.id = ?
2023-10-17 12:05:06,217 - sqlalchemy.engine.Engine - INFO - [cached since 21.11s ago] (1,)
2023-10-17 12:05:06,300 - sqlalchemy.engine.Engine - INFO - BEGIN (implicit)
2023-10-17 12:05:06,300 - sqlalchemy.engine.Engine - INFO - SELECT tenant.id AS tenant_id, tenant.unique_id AS tenant_unique_id, tenant.name AS tenant_name, tenant.lastname AS tenant_lastname, tenant.email AS tenant_email, tenant.due_date AS tenant_due_date, tenant.paid_date AS tenant_paid_date, tenant.rent_rate AS tenant_rent_rate, tenant.contact AS tenant_contact, tenant.gender AS tenant_gender, tenant.address AS tenant_address 
FROM tenant
2023-10-17 12:05:06,300 - sqlalchemy.engine.Engine - INFO - [cached since 185.4s ago] ()
2023-10-17 12:05:06,300 - sqlalchemy.engine.Engine - INFO - ROLLBACK
2023-10-17 12:05:28,761 - sqlalchemy.engine.Engine - INFO - BEGIN (implicit)
2023-10-17 12:05:28,762 - sqlalchemy.engine.Engine - INFO - SELECT tenant.id AS tenant_id, tenant.unique_id AS tenant_unique_id, tenant.name AS tenant_name, tenant.lastname AS tenant_lastname, tenant.email AS tenant_email, tenant.due_date AS tenant_due_date, tenant.paid_date AS tenant_paid_date, tenant.rent_rate AS tenant_rent_rate, tenant.contact AS tenant_contact, tenant.gender AS tenant_gender, tenant.address AS tenant_address 
FROM tenant
2023-10-17 12:05:28,762 - sqlalchemy.engine.Engine - INFO - [cached since 207.9s ago] ()
2023-10-17 12:05:28,764 - sqlalchemy.engine.Engine - INFO - ROLLBACK
2023-10-17 12:05:43,163 - sqlalchemy.engine.Engine - INFO - BEGIN (implicit)
2023-10-17 12:05:43,163 - sqlalchemy.engine.Engine - INFO - SELECT count(*) AS count_1 
FROM (SELECT users.id AS users_id, users.username AS users_username, users.email AS users_email, users.password AS users_password, users.access AS users_access 
FROM users) AS anon_1
2023-10-17 12:05:43,163 - sqlalchemy.engine.Engine - INFO - [cached since 234.8s ago] ()
2023-10-17 12:05:47,997 - sqlalchemy.engine.Engine - INFO - BEGIN (implicit)
2023-10-17 12:05:48,000 - sqlalchemy.engine.Engine - INFO - SELECT users.id AS users_id, users.username AS users_username, users.email AS users_email, users.password AS users_password, users.access AS users_access 
FROM users 
WHERE users.username = ?
 LIMIT ? OFFSET ?
2023-10-17 12:05:48,000 - sqlalchemy.engine.Engine - INFO - [generated in 0.00056s] ('admin', 1, 0)
2023-10-17 12:05:48,023 - sqlalchemy.engine.Engine - INFO - BEGIN (implicit)
2023-10-17 12:05:48,023 - sqlalchemy.engine.Engine - INFO - SELECT users.id AS users_id, users.username AS users_username, users.email AS users_email, users.password AS users_password, users.access AS users_access 
FROM users 
WHERE users.username = ?
 LIMIT ? OFFSET ?
2023-10-17 12:05:48,023 - sqlalchemy.engine.Engine - INFO - [cached since 0.02437s ago] ('admin', 1, 0)
2023-10-17 12:07:53,082 - sqlalchemy.engine.Engine - INFO - BEGIN (implicit)
2023-10-17 12:07:53,082 - sqlalchemy.engine.Engine - INFO - SELECT name FROM sqlite_master WHERE type='table' AND name NOT LIKE 'sqlite~_%' ESCAPE '~' ORDER BY name
2023-10-17 12:07:53,082 - sqlalchemy.engine.Engine - INFO - [raw sql] ()
2023-10-17 12:07:53,082 - sqlalchemy.engine.Engine - INFO - ROLLBACK
2023-10-17 12:07:53,103 - sqlalchemy.engine.Engine - INFO - BEGIN (implicit)
2023-10-17 12:07:53,110 - sqlalchemy.engine.Engine - INFO - SELECT count(*) AS count_1 
FROM (SELECT users.id AS users_id, users.username AS users_username, users.email AS users_email, users.password AS users_password, users.access AS users_access 
FROM users) AS anon_1
2023-10-17 12:07:53,110 - sqlalchemy.engine.Engine - INFO - [generated in 0.00043s] ()
2023-10-17 12:07:53,114 - sqlalchemy.engine.Engine - INFO - SELECT count(*) AS count_1 
FROM (SELECT entity.id AS entity_id 
FROM entity) AS anon_1
2023-10-17 12:07:53,114 - sqlalchemy.engine.Engine - INFO - [generated in 0.00063s] ()
2023-10-17 12:07:53,116 - sqlalchemy.engine.Engine - INFO - SELECT count(*) AS count_1 
FROM (SELECT users.id AS users_id, users.username AS users_username, users.email AS users_email, users.password AS users_password, users.access AS users_access 
FROM users) AS anon_1
2023-10-17 12:07:53,116 - sqlalchemy.engine.Engine - INFO - [cached since 0.006981s ago] ()
2023-10-17 12:07:53,117 - sqlalchemy.engine.Engine - INFO - SELECT count(*) AS count_1 
FROM (SELECT entity.id AS entity_id 
FROM entity) AS anon_1
2023-10-17 12:07:53,118 - sqlalchemy.engine.Engine - INFO - [cached since 0.004139s ago] ()
2023-10-17 12:07:53,119 - sqlalchemy.engine.Engine - INFO - SELECT count(*) AS count_1 
FROM (SELECT users.id AS users_id, users.username AS users_username, users.email AS users_email, users.password AS users_password, users.access AS users_access 
FROM users) AS anon_1
2023-10-17 12:07:53,119 - sqlalchemy.engine.Engine - INFO - [cached since 0.00981s ago] ()
2023-10-17 12:07:53,120 - sqlalchemy.engine.Engine - INFO - SELECT count(*) AS count_1 
FROM (SELECT entity.id AS entity_id 
FROM entity) AS anon_1
2023-10-17 12:07:53,120 - sqlalchemy.engine.Engine - INFO - [cached since 0.006653s ago] ()
2023-10-17 12:07:53,121 - sqlalchemy.engine.Engine - INFO - SELECT count(*) AS count_1 
FROM (SELECT users.id AS users_id, users.username AS users_username, users.email AS users_email, users.password AS users_password, users.access AS users_access 
FROM users) AS anon_1
2023-10-17 12:07:53,121 - sqlalchemy.engine.Engine - INFO - [cached since 0.01226s ago] ()
2023-10-17 12:07:53,122 - sqlalchemy.engine.Engine - INFO - SELECT count(*) AS count_1 
FROM (SELECT entity.id AS entity_id 
FROM entity) AS anon_1
2023-10-17 12:07:53,123 - sqlalchemy.engine.Engine - INFO - [cached since 0.009124s ago] ()
2023-10-17 12:07:53,124 - sqlalchemy.engine.Engine - INFO - SELECT count(*) AS count_1 
FROM (SELECT users.id AS users_id, users.username AS users_username, users.email AS users_email, users.password AS users_password, users.access AS users_access 
FROM users) AS anon_1
2023-10-17 12:07:53,124 - sqlalchemy.engine.Engine - INFO - [cached since 0.01472s ago] ()
2023-10-17 12:07:53,125 - sqlalchemy.engine.Engine - INFO - SELECT count(*) AS count_1 
FROM (SELECT entity.id AS entity_id 
FROM entity) AS anon_1
2023-10-17 12:07:53,125 - sqlalchemy.engine.Engine - INFO - [cached since 0.01156s ago] ()
2023-10-17 12:07:53,126 - sqlalchemy.engine.Engine - INFO - ROLLBACK
2023-10-17 12:07:53,264 - sqlalchemy.engine.Engine - INFO - BEGIN (implicit)
2023-10-17 12:07:53,264 - sqlalchemy.engine.Engine - INFO - SELECT users.id AS users_id, users.username AS users_username, users.email AS users_email, users.password AS users_password, users.access AS users_access 
FROM users 
WHERE users.username = ?
 LIMIT ? OFFSET ?
2023-10-17 12:07:53,264 - sqlalchemy.engine.Engine - INFO - [generated in 0.00057s] ('admin', 1, 0)
2023-10-17 12:07:53,264 - sqlalchemy.engine.Engine - INFO - BEGIN (implicit)
2023-10-17 12:07:53,264 - sqlalchemy.engine.Engine - INFO - SELECT users.id AS users_id, users.username AS users_username, users.email AS users_email, users.password AS users_password, users.access AS users_access 
FROM users 
WHERE users.username = ?
 LIMIT ? OFFSET ?
2023-10-17 12:07:53,264 - sqlalchemy.engine.Engine - INFO - [cached since 0.009096s ago] ('admin', 1, 0)
2023-10-17 12:07:53,280 - sqlalchemy.engine.Engine - INFO - BEGIN (implicit)
2023-10-17 12:07:53,282 - sqlalchemy.engine.Engine - INFO - SELECT users.id AS users_id, users.username AS users_username, users.email AS users_email, users.password AS users_password, users.access AS users_access 
FROM users 
WHERE users.username = ?
 LIMIT ? OFFSET ?
2023-10-17 12:07:53,282 - sqlalchemy.engine.Engine - INFO - [cached since 0.01528s ago] ('admin', 1, 0)
2023-10-17 12:07:53,647 - sqlalchemy.engine.Engine - INFO - ROLLBACK
2023-10-17 12:07:53,666 - sqlalchemy.engine.Engine - INFO - ROLLBACK
2023-10-17 12:08:09,440 - sqlalchemy.engine.Engine - INFO - BEGIN (implicit)
2023-10-17 12:08:09,440 - sqlalchemy.engine.Engine - INFO - SELECT tenant.id AS tenant_id, tenant.unique_id AS tenant_unique_id, tenant.name AS tenant_name, tenant.lastname AS tenant_lastname, tenant.email AS tenant_email, tenant.due_date AS tenant_due_date, tenant.paid_date AS tenant_paid_date, tenant.rent_rate AS tenant_rent_rate, tenant.contact AS tenant_contact, tenant.gender AS tenant_gender, tenant.address AS tenant_address 
FROM tenant
2023-10-17 12:08:09,440 - sqlalchemy.engine.Engine - INFO - [generated in 0.00044s] ()
2023-10-17 12:08:09,440 - sqlalchemy.engine.Engine - INFO - ROLLBACK
2023-10-17 12:08:15,115 - sqlalchemy.engine.Engine - INFO - BEGIN (implicit)
2023-10-17 12:08:15,115 - sqlalchemy.engine.Engine - INFO - SELECT count(*) AS count_1 
FROM (SELECT users.id AS users_id, users.username AS users_username, users.email AS users_email, users.password AS users_password, users.access AS users_access 
FROM users) AS anon_1
2023-10-17 12:08:15,115 - sqlalchemy.engine.Engine - INFO - [cached since 22.01s ago] ()
2023-10-17 12:08:55,574 - sqlalchemy.engine.Engine - INFO - BEGIN (implicit)
2023-10-17 12:08:55,574 - sqlalchemy.engine.Engine - INFO - SELECT name FROM sqlite_master WHERE type='table' AND name NOT LIKE 'sqlite~_%' ESCAPE '~' ORDER BY name
2023-10-17 12:08:55,574 - sqlalchemy.engine.Engine - INFO - [raw sql] ()
2023-10-17 12:08:55,574 - sqlalchemy.engine.Engine - INFO - ROLLBACK
2023-10-17 12:08:55,590 - sqlalchemy.engine.Engine - INFO - BEGIN (implicit)
2023-10-17 12:08:55,590 - sqlalchemy.engine.Engine - INFO - SELECT count(*) AS count_1 
FROM (SELECT users.id AS users_id, users.username AS users_username, users.email AS users_email, users.password AS users_password, users.access AS users_access 
FROM users) AS anon_1
2023-10-17 12:08:55,590 - sqlalchemy.engine.Engine - INFO - [generated in 0.00031s] ()
2023-10-17 12:08:55,606 - sqlalchemy.engine.Engine - INFO - SELECT count(*) AS count_1 
FROM (SELECT entity.id AS entity_id 
FROM entity) AS anon_1
2023-10-17 12:08:55,606 - sqlalchemy.engine.Engine - INFO - [generated in 0.00031s] ()
2023-10-17 12:08:55,606 - sqlalchemy.engine.Engine - INFO - SELECT count(*) AS count_1 
FROM (SELECT users.id AS users_id, users.username AS users_username, users.email AS users_email, users.password AS users_password, users.access AS users_access 
FROM users) AS anon_1
2023-10-17 12:08:55,606 - sqlalchemy.engine.Engine - INFO - [cached since 0.005597s ago] ()
2023-10-17 12:08:55,606 - sqlalchemy.engine.Engine - INFO - SELECT count(*) AS count_1 
FROM (SELECT entity.id AS entity_id 
FROM entity) AS anon_1
2023-10-17 12:08:55,606 - sqlalchemy.engine.Engine - INFO - [cached since 0.003724s ago] ()
2023-10-17 12:08:55,606 - sqlalchemy.engine.Engine - INFO - SELECT count(*) AS count_1 
FROM (SELECT users.id AS users_id, users.username AS users_username, users.email AS users_email, users.password AS users_password, users.access AS users_access 
FROM users) AS anon_1
2023-10-17 12:08:55,606 - sqlalchemy.engine.Engine - INFO - [cached since 0.008534s ago] ()
2023-10-17 12:08:55,606 - sqlalchemy.engine.Engine - INFO - SELECT count(*) AS count_1 
FROM (SELECT entity.id AS entity_id 
FROM entity) AS anon_1
2023-10-17 12:08:55,606 - sqlalchemy.engine.Engine - INFO - [cached since 0.006379s ago] ()
2023-10-17 12:08:55,606 - sqlalchemy.engine.Engine - INFO - SELECT count(*) AS count_1 
FROM (SELECT users.id AS users_id, users.username AS users_username, users.email AS users_email, users.password AS users_password, users.access AS users_access 
FROM users) AS anon_1
2023-10-17 12:08:55,606 - sqlalchemy.engine.Engine - INFO - [cached since 0.01121s ago] ()
2023-10-17 12:08:55,606 - sqlalchemy.engine.Engine - INFO - SELECT count(*) AS count_1 
FROM (SELECT entity.id AS entity_id 
FROM entity) AS anon_1
2023-10-17 12:08:55,606 - sqlalchemy.engine.Engine - INFO - [cached since 0.008872s ago] ()
2023-10-17 12:08:55,606 - sqlalchemy.engine.Engine - INFO - SELECT count(*) AS count_1 
FROM (SELECT users.id AS users_id, users.username AS users_username, users.email AS users_email, users.password AS users_password, users.access AS users_access 
FROM users) AS anon_1
2023-10-17 12:08:55,606 - sqlalchemy.engine.Engine - INFO - [cached since 0.01352s ago] ()
2023-10-17 12:08:55,606 - sqlalchemy.engine.Engine - INFO - SELECT count(*) AS count_1 
FROM (SELECT entity.id AS entity_id 
FROM entity) AS anon_1
2023-10-17 12:08:55,606 - sqlalchemy.engine.Engine - INFO - [cached since 0.0112s ago] ()
2023-10-17 12:08:55,606 - sqlalchemy.engine.Engine - INFO - ROLLBACK
2023-10-17 12:09:03,693 - sqlalchemy.engine.Engine - INFO - BEGIN (implicit)
2023-10-17 12:09:03,696 - sqlalchemy.engine.Engine - INFO - SELECT users.id AS users_id, users.username AS users_username, users.email AS users_email, users.password AS users_password, users.access AS users_access 
FROM users 
WHERE users.username = ?
 LIMIT ? OFFSET ?
2023-10-17 12:09:03,697 - sqlalchemy.engine.Engine - INFO - [generated in 0.00059s] ('admin', 1, 0)
2023-10-17 12:09:03,709 - sqlalchemy.engine.Engine - INFO - BEGIN (implicit)
2023-10-17 12:09:03,709 - sqlalchemy.engine.Engine - INFO - SELECT users.id AS users_id, users.username AS users_username, users.email AS users_email, users.password AS users_password, users.access AS users_access 
FROM users 
WHERE users.username = ?
 LIMIT ? OFFSET ?
2023-10-17 12:09:03,709 - sqlalchemy.engine.Engine - INFO - [cached since 0.02s ago] ('admin', 1, 0)
2023-10-17 12:09:04,067 - sqlalchemy.engine.Engine - INFO - ROLLBACK
2023-10-17 12:09:04,084 - sqlalchemy.engine.Engine - INFO - ROLLBACK
2023-10-17 12:09:06,707 - sqlalchemy.engine.Engine - INFO - BEGIN (implicit)
2023-10-17 12:09:06,707 - sqlalchemy.engine.Engine - INFO - SELECT count(*) AS count_1 
FROM (SELECT users.id AS users_id, users.username AS users_username, users.email AS users_email, users.password AS users_password, users.access AS users_access 
FROM users) AS anon_1
2023-10-17 12:09:06,707 - sqlalchemy.engine.Engine - INFO - [cached since 11.11s ago] ()
